#
# A fatal error has been detected by the Java Runtime Environment:
#
#  SIGSEGV (0xb) at pc=0x000000011082ac58, pid=70025, tid=3331
#
# JRE version: Java(TM) SE Runtime Environment (8.0_31-b13) (build 1.8.0_31-b13)
# Java VM: Java HotSpot(TM) 64-Bit Server VM (25.31-b07 mixed mode bsd-amd64 compressed oops)
# Problematic frame:
# j  javax.xml.parsers.DocumentBuilder.parse(Ljava/io/File;)Lorg/w3c/dom/Document;+19
#
# Failed to write core dump. Core dumps have been disabled. To enable core dumping, try "ulimit -c unlimited" before starting Java again
#
# If you would like to submit a bug report, please visit:
#   http://bugreport.java.com/bugreport/crash.jsp
#

---------------  T H R E A D  ---------------

Current thread (0x00007f9854004000):  JavaThread "main" [_thread_in_Java, id=3331, stack(0x000000011016e000,0x000000011026e000)]

siginfo: si_signo: 11 (SIGSEGV), si_code: 1 (SEGV_MAPERR), si_addr: 0x000000050000003c

Registers:
RAX=0x00000007c000ffe8, RBX=0x000000050000000c, RCX=0x00000007ab143680, RDX=0x0000000000000000
RSP=0x000000011026d710, RBP=0x000000011026d770, RSI=0x00000000f800c6c8, RDI=0x0000000000000000
R8 =0x00007f9853447cc8, R9 =0x00007f985343e578, R10=0x000000010faed4d0, R11=0x0000000000000059
R12=0x0000000000000000, R13=0x000000011026d718, R14=0x0000000000000000, R15=0x00007f9854004000
RIP=0x000000011082ac58, EFLAGS=0x0000000000010202, ERR=0x0000000000000004
  TRAPNO=0x000000000000000e

Top of Stack: (sp=0x000000011026d710)
0x000000011026d710:   0000000110807790 00000007ab143680
0x000000011026d720:   00000007ab14beb8 00000007ab14beb8
0x000000011026d730:   000000011026d730 00000001225a44f3
0x000000011026d740:   000000011026d790 00000001225a4b88
0x000000011026d750:   0000000000000000 00000001225a4538
0x000000011026d760:   000000011026d718 000000011026d788
0x000000011026d770:   000000011026d7d8 0000000110807790
0x000000011026d780:   0000000000000000 00000007ab143680
0x000000011026d790:   00000007ab146340 000000011026d798
0x000000011026d7a0:   00000001227b48a8 000000011026d8d0
0x000000011026d7b0:   00000001227b6448 0000000000000000
0x000000011026d7c0:   00000001227b4bf0 000000011026d788
0x000000011026d7d0:   000000011026d8d0 000000011026d918
0x000000011026d7e0:   0000000110807a0d 0000000000000000
0x000000011026d7f0:   0000000000000000 0000000000000000
0x000000011026d800:   0000000000000000 0000000000000000
0x000000011026d810:   0000000000000000 0000000000000000
0x000000011026d820:   0000000000000000 0000000000000000
0x000000011026d830:   0000000000000000 0000000000000000
0x000000011026d840:   0000000000000000 0000000000000000
0x000000011026d850:   0000000000000000 0000000000000000
0x000000011026d860:   0000000000000000 0000000000000000
0x000000011026d870:   0000000000000000 0000000000000000
0x000000011026d880:   0000000000000000 0000000000000000
0x000000011026d890:   0000000000000000 0000000000000000
0x000000011026d8a0:   0000000000000000 0000000000000000
0x000000011026d8b0:   0000000000000000 0000000000000000
0x000000011026d8c0:   00000007ab146340 00000007ab146318
0x000000011026d8d0:   00000007ab143680 000000011026d8d8
0x000000011026d8e0:   000000012271d3a8 000000011026d948
0x000000011026d8f0:   000000012271d4e0 0000000000000000
0x000000011026d900:   000000012271d448 000000011026d8d0 

Instructions: (pc=0x000000011082ac58)
0x000000011082ac38:   ed 04 41 c1 e5 03 49 03 d5 48 89 55 e0 4c 8d 6c
0x000000011082ac48:   24 08 4c 89 6d f0 41 80 bf 88 03 00 00 00 74 03
0x000000011082ac58:   ff 63 30 ff 63 50 66 90 40 03 00 00 00 00 00 00
0x000000011082ac68:   ba a1 7e 0f 01 00 00 00 b7 00 00 00 00 00 00 00 

Register to memory mapping:

RAX=0x00000007c000ffe8 is pointing into metadata
RBX=0x000000050000000c is an unknown value
RCX=0x00000007ab143680 is an oop
java.lang.NullPointerException 
 - klass: 'java/lang/NullPointerException'
RDX=0x0000000000000000 is an unknown value
RSP=0x000000011026d710 is pointing into the stack for thread: 0x00007f9854004000
RBP=0x000000011026d770 is pointing into the stack for thread: 0x00007f9854004000
RSI=0x00000000f800c6c8 is an unknown value
RDI=0x0000000000000000 is an unknown value
R8 =0x00007f9853447cc8 is an unknown value
R9 =0x00007f985343e578 is an unknown value
R10=0x000000010faed4d0: _ZN19TemplateInterpreter20_invoke_return_entryE+0 in /Library/Java/JavaVirtualMachines/jdk1.8.0_31.jdk/Contents/Home/jre/lib/server/libjvm.dylib at 0x000000010f24e000
R11=0x0000000000000059 is an unknown value
R12=0x0000000000000000 is an unknown value
R13=0x000000011026d718 is pointing into the stack for thread: 0x00007f9854004000
R14=0x0000000000000000 is an unknown value
R15=0x00007f9854004000 is a thread


Stack: [0x000000011016e000,0x000000011026e000],  sp=0x000000011026d710,  free space=1021k
Native frames: (J=compiled Java code, j=interpreted, Vv=VM code, C=native code)
j  javax.xml.parsers.DocumentBuilder.parse(Ljava/io/File;)Lorg/w3c/dom/Document;+19
j  de.musicAnalyzer.parser.Parser.parse(Ljava/io/File;)V+16
j  de.musicAnalyzer.main.MainApplication.main([Ljava/lang/String;)V+16
v  ~StubRoutines::call_stub
V  [libjvm.dylib+0x2d4442]  JavaCalls::call_helper(JavaValue*, methodHandle*, JavaCallArguments*, Thread*)+0x6ae
V  [libjvm.dylib+0x3094bb]  jni_invoke_static(JNIEnv_*, JavaValue*, _jobject*, JNICallType, _jmethodID*, JNI_ArgumentPusher*, Thread*)+0x1bf
V  [libjvm.dylib+0x3026b5]  jni_CallStaticVoidMethod+0x15d
C  [java+0x2c82]  JavaMain+0x998
C  [libsystem_pthread.dylib+0x3268]  _pthread_body+0x83
C  [libsystem_pthread.dylib+0x31e5]  _pthread_body+0x0
C  [libsystem_pthread.dylib+0x141d]  thread_start+0xd
C  0x0000000000000000


---------------  P R O C E S S  ---------------

Java Threads: ( => current thread )
  0x00007f9853869000 JavaThread "Service Thread" daemon [_thread_blocked, id=17923, stack(0x00000001258ac000,0x00000001259ac000)]
  0x00007f985403e800 JavaThread "C1 CompilerThread1" daemon [_thread_blocked, id=17411, stack(0x00000001257a9000,0x00000001258a9000)]
  0x00007f985404c800 JavaThread "C2 CompilerThread0" daemon [_thread_blocked, id=16899, stack(0x00000001256a6000,0x00000001257a6000)]
  0x00007f985385d800 JavaThread "JDWP Command Reader" daemon [_thread_in_native, id=16387, stack(0x00000001255a3000,0x00000001256a3000)]
  0x00007f9853856800 JavaThread "JDWP Event Helper Thread" daemon [_thread_blocked, id=15875, stack(0x00000001254a0000,0x00000001255a0000)]
  0x00007f9853855000 JavaThread "JDWP Transport Listener: dt_socket" daemon [_thread_blocked, id=15363, stack(0x000000012539d000,0x000000012549d000)]
  0x00007f985403d000 JavaThread "Signal Dispatcher" daemon [_thread_blocked, id=14871, stack(0x0000000125293000,0x0000000125393000)]
  0x00007f985403b000 JavaThread "Finalizer" daemon [_thread_blocked, id=10499, stack(0x000000012390d000,0x0000000123a0d000)]
  0x00007f9854001000 JavaThread "Reference Handler" daemon [_thread_blocked, id=9987, stack(0x000000012380a000,0x000000012390a000)]
=>0x00007f9854004000 JavaThread "main" [_thread_in_Java, id=3331, stack(0x000000011016e000,0x000000011026e000)]

Other Threads:
  0x00007f985383b800 VMThread [stack: 0x0000000123707000,0x0000000123807000] [id=9475]
  0x00007f985404b800 WatcherThread [stack: 0x00000001259af000,0x0000000125aaf000] [id=18435]

VM state:not at safepoint (normal execution)

VM Mutex/Monitor currently owned by a thread: None

Heap:
 PSYoungGen      total 18944K, used 6914K [0x00000007aab00000, 0x00000007ac000000, 0x00000007c0000000)
  eden space 16384K, 42% used [0x00000007aab00000,0x00000007ab1c0818,0x00000007abb00000)
  from space 2560K, 0% used [0x00000007abd80000,0x00000007abd80000,0x00000007ac000000)
  to   space 2560K, 0% used [0x00000007abb00000,0x00000007abb00000,0x00000007abd80000)
 ParOldGen       total 44032K, used 0K [0x0000000780000000, 0x0000000782b00000, 0x00000007aab00000)
  object space 44032K, 0% used [0x0000000780000000,0x0000000780000000,0x0000000782b00000)
 Metaspace       used 5243K, capacity 5322K, committed 5504K, reserved 1056768K
  class space    used 548K, capacity 554K, committed 640K, reserved 1048576K

Card table byte_map: [0x000000011fbc0000,0x000000011fdc1000] byte_map_base: 0x000000011bfc0000

Marking Bits: (ParMarkBitMap*) 0x000000010faec410
 Begin Bits: [0x000000012011d000, 0x000000012111d000)
 End Bits:   [0x000000012111d000, 0x000000012211d000)

Polling page: 0x00000001102b2000

CodeCache: size=245760Kb used=2726Kb max_used=2738Kb free=243033Kb
 bounds [0x0000000110800000, 0x0000000110ab0000, 0x000000011f800000]
 total_blobs=691 nmethods=437 adapters=178
 compilation: enabled

Compilation events (10 events):
Event: 5.207 Thread 0x00007f985403e800 nmethod 439 0x0000000110aa2450 code [0x0000000110aa25a0, 0x0000000110aa2710]
Event: 5.208 Thread 0x00007f985403e800  441 %     3       com.sun.org.apache.xerces.internal.dom.NamedNodeMapImpl::findNamePoint @ 25 (108 bytes)
Event: 5.208 Thread 0x00007f985403e800 nmethod 441% 0x0000000110aa2790 code [0x0000000110aa2960, 0x0000000110aa31d8]
Event: 5.326 Thread 0x00007f985404c800 nmethod 375 0x0000000110aa84d0 code [0x0000000110aa8860, 0x0000000110aaa7e0]
Event: 5.327 Thread 0x00007f985404c800  440       4       java.util.ArrayList::get (11 bytes)
Event: 5.328 Thread 0x00007f985404c800 nmethod 440 0x0000000110aa5450 code [0x0000000110aa55a0, 0x0000000110aa5698]
Event: 5.328 Thread 0x00007f985404c800  349       4       com.sun.org.apache.xerces.internal.dom.DeferredDocumentImpl::setChunkValue (80 bytes)
Event: 5.334 Thread 0x00007f985404c800 nmethod 349 0x0000000110aa5a90 code [0x0000000110aa5c40, 0x0000000110aa61f8]
Event: 5.334 Thread 0x00007f985404c800  357       4       java.lang.AbstractStringBuilder::append (50 bytes)
Event: 5.354 Thread 0x00007f985404c800 nmethod 357 0x0000000110aad690 code [0x0000000110aad800, 0x0000000110aadcf8]

GC Heap History (0 events):
No events

Deoptimization events (0 events):
No events

Internal exceptions (10 events):
Event: 0.409 Thread 0x00007f9854004000 Exception <a 'java/security/PrivilegedActionException'> (0x00000007aacca1f0) thrown at [/Users/java_re/workspace/8-2-build-macosx-x86_64/jdk8u31/2394/hotspot/src/share/vm/prims/jvm.cpp, line 1312]
Event: 0.413 Thread 0x00007f9854004000 Exception <a 'java/util/zip/ZipException'> (0x00000007aacdbe80) thrown at [/Users/java_re/workspace/8-2-build-macosx-x86_64/jdk8u31/2394/hotspot/src/share/vm/prims/jni.cpp, line 716]
Event: 0.413 Thread 0x00007f9854004000 Exception <a 'java/security/PrivilegedActionException'> (0x00000007aacdc030) thrown at [/Users/java_re/workspace/8-2-build-macosx-x86_64/jdk8u31/2394/hotspot/src/share/vm/prims/jvm.cpp, line 1312]
Event: 0.413 Thread 0x00007f9854004000 Exception <a 'java/security/PrivilegedActionException'> (0x00000007aacdc1e8) thrown at [/Users/java_re/workspace/8-2-build-macosx-x86_64/jdk8u31/2394/hotspot/src/share/vm/prims/jvm.cpp, line 1312]
Event: 0.413 Thread 0x00007f9854004000 Exception <a 'java/security/PrivilegedActionException'> (0x00000007aacdc558) thrown at [/Users/java_re/workspace/8-2-build-macosx-x86_64/jdk8u31/2394/hotspot/src/share/vm/prims/jvm.cpp, line 1312]
Event: 0.418 Thread 0x00007f9854004000 Exception <a 'java/security/PrivilegedActionException'> (0x00000007aace3de0) thrown at [/Users/java_re/workspace/8-2-build-macosx-x86_64/jdk8u31/2394/hotspot/src/share/vm/prims/jvm.cpp, line 1312]
Event: 0.429 Thread 0x00007f9854004000 Exception <a 'java/security/PrivilegedActionException'> (0x00000007aacfdcc0) thrown at [/Users/java_re/workspace/8-2-build-macosx-x86_64/jdk8u31/2394/hotspot/src/share/vm/prims/jvm.cpp, line 1312]
Event: 0.429 Thread 0x00007f9854004000 Exception <a 'java/security/PrivilegedActionException'> (0x00000007aacfde78) thrown at [/Users/java_re/workspace/8-2-build-macosx-x86_64/jdk8u31/2394/hotspot/src/share/vm/prims/jvm.cpp, line 1312]
Event: 0.429 Thread 0x00007f9854004000 Exception <a 'java/security/PrivilegedActionException'> (0x00000007aad01068) thrown at [/Users/java_re/workspace/8-2-build-macosx-x86_64/jdk8u31/2394/hotspot/src/share/vm/prims/jvm.cpp, line 1312]
Event: 0.429 Thread 0x00007f9854004000 Exception <a 'java/security/PrivilegedActionException'> (0x00000007aad01220) thrown at [/Users/java_re/workspace/8-2-build-macosx-x86_64/jdk8u31/2394/hotspot/src/share/vm/prims/jvm.cpp, line 1312]

Events (10 events):
Event: 228.459 Executing VM operation: GetOrSetLocal
Event: 228.459 Executing VM operation: GetOrSetLocal done
Event: 228.921 Executing VM operation: EnterInterpOnlyMode
Event: 228.921 Executing VM operation: EnterInterpOnlyMode done
Event: 228.921 Executing VM operation: GetCurrentLocation
Event: 228.921 Executing VM operation: GetCurrentLocation done
Event: 228.921 Executing VM operation: ChangeSingleStep
Event: 228.921 Executing VM operation: ChangeSingleStep done
Event: 228.922 Executing VM operation: ChangeSingleStep
Event: 228.922 Executing VM operation: ChangeSingleStep done


Dynamic libraries:
0x000000000b93a000 	/System/Library/Frameworks/Cocoa.framework/Versions/A/Cocoa
0x000000000b93a000 	/System/Library/Frameworks/Security.framework/Versions/A/Security
0x000000000b93a000 	/System/Library/Frameworks/ApplicationServices.framework/Versions/A/ApplicationServices
0x000000000b93a000 	/usr/lib/libz.1.dylib
0x000000000b93a000 	/usr/lib/libSystem.B.dylib
0x000000000b93a000 	/usr/lib/libobjc.A.dylib
0x000000000b93a000 	/System/Library/Frameworks/CoreFoundation.framework/Versions/A/CoreFoundation
0x000000000b93a000 	/System/Library/Frameworks/Foundation.framework/Versions/C/Foundation
0x000000000b93a000 	/System/Library/Frameworks/AppKit.framework/Versions/C/AppKit
0x000000000b93a000 	/System/Library/Frameworks/CoreData.framework/Versions/A/CoreData
0x000000000b93a000 	/System/Library/PrivateFrameworks/RemoteViewServices.framework/Versions/A/RemoteViewServices
0x000000000b93a000 	/System/Library/PrivateFrameworks/UIFoundation.framework/Versions/A/UIFoundation
0x000000000b93a000 	/System/Library/Frameworks/IOSurface.framework/Versions/A/IOSurface
0x000000000b93a000 	/System/Library/Frameworks/AudioToolbox.framework/Versions/A/AudioToolbox
0x000000000b93a000 	/System/Library/Frameworks/AudioUnit.framework/Versions/A/AudioUnit
0x000000000b93a000 	/System/Library/PrivateFrameworks/DataDetectorsCore.framework/Versions/A/DataDetectorsCore
0x000000000b93a000 	/System/Library/PrivateFrameworks/DesktopServicesPriv.framework/Versions/A/DesktopServicesPriv
0x000000000b93a000 	/System/Library/Frameworks/Carbon.framework/Versions/A/Frameworks/HIToolbox.framework/Versions/A/HIToolbox
0x000000000b93a000 	/System/Library/Frameworks/QuartzCore.framework/Versions/A/QuartzCore
0x000000000b93a000 	/System/Library/Frameworks/Carbon.framework/Versions/A/Frameworks/SpeechRecognition.framework/Versions/A/SpeechRecognition
0x000000000b93a000 	/usr/lib/libauto.dylib
0x000000000b93a000 	/usr/lib/libicucore.A.dylib
0x000000000b93a000 	/usr/lib/libxml2.2.dylib
0x000000000b93a000 	/System/Library/PrivateFrameworks/CoreUI.framework/Versions/A/CoreUI
0x000000000b93a000 	/System/Library/Frameworks/CoreAudio.framework/Versions/A/CoreAudio
0x000000000b93a000 	/System/Library/Frameworks/DiskArbitration.framework/Versions/A/DiskArbitration
0x000000000b93a000 	/usr/lib/liblangid.dylib
0x000000000b93a000 	/System/Library/PrivateFrameworks/MultitouchSupport.framework/Versions/A/MultitouchSupport
0x000000000b93a000 	/System/Library/Frameworks/IOKit.framework/Versions/A/IOKit
0x000000000b93a000 	/usr/lib/libDiagnosticMessagesClient.dylib
0x000000000b93a000 	/System/Library/Frameworks/CoreServices.framework/Versions/A/CoreServices
0x000000000b93a000 	/System/Library/PrivateFrameworks/PerformanceAnalysis.framework/Versions/A/PerformanceAnalysis
0x000000000b93a000 	/System/Library/PrivateFrameworks/GenerationalStorage.framework/Versions/A/GenerationalStorage
0x000000000b93a000 	/System/Library/Frameworks/OpenGL.framework/Versions/A/OpenGL
0x000000000b93a000 	/System/Library/PrivateFrameworks/Sharing.framework/Versions/A/Sharing
0x000000000b93a000 	/System/Library/Frameworks/CoreGraphics.framework/Versions/A/CoreGraphics
0x000000000b93a000 	/System/Library/Frameworks/CoreText.framework/Versions/A/CoreText
0x000000000b93a000 	/System/Library/Frameworks/ImageIO.framework/Versions/A/ImageIO
0x000000000b93a000 	/usr/lib/libextension.dylib
0x000000000b93a000 	/System/Library/PrivateFrameworks/Backup.framework/Versions/A/Backup
0x000000000b93a000 	/usr/lib/libarchive.2.dylib
0x000000000b93a000 	/System/Library/Frameworks/CFNetwork.framework/Versions/A/CFNetwork
0x000000000b93a000 	/System/Library/Frameworks/SystemConfiguration.framework/Versions/A/SystemConfiguration
0x000000000b93a000 	/usr/lib/libCRFSuite.dylib
0x000000000b93a000 	/usr/lib/libc++.1.dylib
0x000000000b93a000 	/usr/lib/libc++abi.dylib
0x000000000b93a000 	/usr/lib/system/libcache.dylib
0x000000000b93a000 	/usr/lib/system/libcommonCrypto.dylib
0x000000000b93a000 	/usr/lib/system/libcompiler_rt.dylib
0x000000000b93a000 	/usr/lib/system/libcopyfile.dylib
0x000000000b93a000 	/usr/lib/system/libcorecrypto.dylib
0x000000000b93a000 	/usr/lib/system/libdispatch.dylib
0x000000000b93a000 	/usr/lib/system/libdyld.dylib
0x000000000b93a000 	/usr/lib/system/libkeymgr.dylib
0x000000000b93a000 	/usr/lib/system/liblaunch.dylib
0x000000000b93a000 	/usr/lib/system/libmacho.dylib
0x000000000b93a000 	/usr/lib/system/libquarantine.dylib
0x000000000b93a000 	/usr/lib/system/libremovefile.dylib
0x000000000b93a000 	/usr/lib/system/libsystem_asl.dylib
0x000000000b93a000 	/usr/lib/system/libsystem_blocks.dylib
0x000000000b93a000 	/usr/lib/system/libsystem_c.dylib
0x000000000b93a000 	/usr/lib/system/libsystem_configuration.dylib
0x000000000b93a000 	/usr/lib/system/libsystem_coreservices.dylib
0x000000000b93a000 	/usr/lib/system/libsystem_coretls.dylib
0x000000000b93a000 	/usr/lib/system/libsystem_dnssd.dylib
0x000000000b93a000 	/usr/lib/system/libsystem_info.dylib
0x000000000b93a000 	/usr/lib/system/libsystem_kernel.dylib
0x000000000b93a000 	/usr/lib/system/libsystem_m.dylib
0x000000000b93a000 	/usr/lib/system/libsystem_malloc.dylib
0x000000000b93a000 	/usr/lib/system/libsystem_network.dylib
0x000000000b93a000 	/usr/lib/system/libsystem_networkextension.dylib
0x000000000b93a000 	/usr/lib/system/libsystem_notify.dylib
0x000000000b93a000 	/usr/lib/system/libsystem_platform.dylib
0x000000000b93a000 	/usr/lib/system/libsystem_pthread.dylib
0x000000000b93a000 	/usr/lib/system/libsystem_sandbox.dylib
0x000000000b93a000 	/usr/lib/system/libsystem_secinit.dylib
0x000000000b93a000 	/usr/lib/system/libsystem_stats.dylib
0x000000000b93a000 	/usr/lib/system/libsystem_trace.dylib
0x000000000b93a000 	/usr/lib/system/libunc.dylib
0x000000000b93a000 	/usr/lib/system/libunwind.dylib
0x000000000b93a000 	/usr/lib/system/libxpc.dylib
0x000000000b93a000 	/usr/lib/libbz2.1.0.dylib
0x000000000b93a000 	/usr/lib/liblzma.5.dylib
0x000000000b93a000 	/usr/lib/libbsm.0.dylib
0x000000000b93a000 	/usr/lib/libsqlite3.dylib
0x000000000b93a000 	/usr/lib/system/libkxld.dylib
0x000000000b93a000 	/usr/lib/libxar.1.dylib
0x000000000b93a000 	/usr/lib/libpam.2.dylib
0x000000000b93a000 	/usr/lib/libOpenScriptingUtil.dylib
0x000000000b93a000 	/System/Library/Frameworks/CoreServices.framework/Versions/A/Frameworks/FSEvents.framework/Versions/A/FSEvents
0x000000000b93a000 	/System/Library/Frameworks/CoreServices.framework/Versions/A/Frameworks/CarbonCore.framework/Versions/A/CarbonCore
0x000000000b93a000 	/System/Library/Frameworks/CoreServices.framework/Versions/A/Frameworks/Metadata.framework/Versions/A/Metadata
0x000000000b93a000 	/System/Library/Frameworks/CoreServices.framework/Versions/A/Frameworks/OSServices.framework/Versions/A/OSServices
0x000000000b93a000 	/System/Library/Frameworks/CoreServices.framework/Versions/A/Frameworks/SearchKit.framework/Versions/A/SearchKit
0x000000000b93a000 	/System/Library/Frameworks/CoreServices.framework/Versions/A/Frameworks/AE.framework/Versions/A/AE
0x000000000b93a000 	/System/Library/Frameworks/CoreServices.framework/Versions/A/Frameworks/LaunchServices.framework/Versions/A/LaunchServices
0x000000000b93a000 	/System/Library/Frameworks/CoreServices.framework/Versions/A/Frameworks/DictionaryServices.framework/Versions/A/DictionaryServices
0x000000000b93a000 	/System/Library/Frameworks/NetFS.framework/Versions/A/NetFS
0x000000000b93a000 	/System/Library/PrivateFrameworks/NetAuth.framework/Versions/A/NetAuth
0x000000000b93a000 	/System/Library/PrivateFrameworks/login.framework/Versions/A/Frameworks/loginsupport.framework/Versions/A/loginsupport
0x000000000b93a000 	/System/Library/PrivateFrameworks/TCC.framework/Versions/A/TCC
0x000000000b93a000 	/usr/lib/libmecabra.dylib
0x000000000b93a000 	/System/Library/Frameworks/ApplicationServices.framework/Versions/A/Frameworks/ATS.framework/Versions/A/ATS
0x000000000b93a000 	/System/Library/Frameworks/ApplicationServices.framework/Versions/A/Frameworks/ColorSync.framework/Versions/A/ColorSync
0x000000000b93a000 	/System/Library/Frameworks/ApplicationServices.framework/Versions/A/Frameworks/HIServices.framework/Versions/A/HIServices
0x000000000b93a000 	/System/Library/Frameworks/ApplicationServices.framework/Versions/A/Frameworks/LangAnalysis.framework/Versions/A/LangAnalysis
0x000000000b93a000 	/System/Library/Frameworks/ApplicationServices.framework/Versions/A/Frameworks/PrintCore.framework/Versions/A/PrintCore
0x000000000b93a000 	/System/Library/Frameworks/ApplicationServices.framework/Versions/A/Frameworks/QD.framework/Versions/A/QD
0x000000000b93a000 	/System/Library/Frameworks/ApplicationServices.framework/Versions/A/Frameworks/SpeechSynthesis.framework/Versions/A/SpeechSynthesis
0x000000000b93a000 	/System/Library/Frameworks/Accelerate.framework/Versions/A/Accelerate
0x000000000b93a000 	/System/Library/Frameworks/Accelerate.framework/Versions/A/Frameworks/vImage.framework/Versions/A/vImage
0x000000000b93a000 	/System/Library/Frameworks/Accelerate.framework/Versions/A/Frameworks/vecLib.framework/Versions/A/vecLib
0x000000000b93a000 	/System/Library/Frameworks/Accelerate.framework/Versions/A/Frameworks/vecLib.framework/Versions/A/libvDSP.dylib
0x000000000b93a000 	/System/Library/Frameworks/Accelerate.framework/Versions/A/Frameworks/vecLib.framework/Versions/A/libvMisc.dylib
0x000000000b93a000 	/System/Library/Frameworks/Accelerate.framework/Versions/A/Frameworks/vecLib.framework/Versions/A/libLAPACK.dylib
0x000000000b93a000 	/System/Library/Frameworks/Accelerate.framework/Versions/A/Frameworks/vecLib.framework/Versions/A/libBLAS.dylib
0x000000000b93a000 	/System/Library/Frameworks/Accelerate.framework/Versions/A/Frameworks/vecLib.framework/Versions/A/libLinearAlgebra.dylib
0x000000000b93a000 	/System/Library/Frameworks/ApplicationServices.framework/Versions/A/Frameworks/ATS.framework/Versions/A/Resources/libFontParser.dylib
0x000000000b93a000 	/System/Library/Frameworks/ApplicationServices.framework/Versions/A/Frameworks/ATS.framework/Versions/A/Resources/libFontRegistry.dylib
0x000000000b93a000 	/System/Library/PrivateFrameworks/AppleVPA.framework/Versions/A/AppleVPA
0x000000000b93a000 	/System/Library/PrivateFrameworks/AppleJPEG.framework/Versions/A/AppleJPEG
0x000000000b93a000 	/System/Library/Frameworks/ImageIO.framework/Versions/A/Resources/libJPEG.dylib
0x000000000b93a000 	/System/Library/Frameworks/ImageIO.framework/Versions/A/Resources/libTIFF.dylib
0x000000000b93a000 	/System/Library/Frameworks/ImageIO.framework/Versions/A/Resources/libPng.dylib
0x000000000b93a000 	/System/Library/Frameworks/ImageIO.framework/Versions/A/Resources/libGIF.dylib
0x000000000b93a000 	/System/Library/Frameworks/ImageIO.framework/Versions/A/Resources/libJP2.dylib
0x000000000b93a000 	/System/Library/Frameworks/ImageIO.framework/Versions/A/Resources/libRadiance.dylib
0x000000000b93a000 	/System/Library/Frameworks/CoreVideo.framework/Versions/A/CoreVideo
0x000000000b93a000 	/System/Library/Frameworks/OpenGL.framework/Versions/A/Libraries/libGLU.dylib
0x000000000b93a000 	/System/Library/Frameworks/OpenGL.framework/Versions/A/Libraries/libGFXShared.dylib
0x000000000b93a000 	/System/Library/Frameworks/OpenGL.framework/Versions/A/Libraries/libGL.dylib
0x000000000b93a000 	/System/Library/Frameworks/OpenGL.framework/Versions/A/Libraries/libGLImage.dylib
0x000000000b93a000 	/System/Library/Frameworks/OpenGL.framework/Versions/A/Libraries/libCVMSPluginSupport.dylib
0x000000000b93a000 	/System/Library/Frameworks/OpenGL.framework/Versions/A/Libraries/libCoreVMClient.dylib
0x000000000b93a000 	/usr/lib/libcups.2.dylib
0x000000000b93a000 	/System/Library/Frameworks/Kerberos.framework/Versions/A/Kerberos
0x000000000b93a000 	/System/Library/Frameworks/GSS.framework/Versions/A/GSS
0x000000000b93a000 	/usr/lib/libresolv.9.dylib
0x000000000b93a000 	/usr/lib/libiconv.2.dylib
0x000000000b93a000 	/System/Library/PrivateFrameworks/Heimdal.framework/Versions/A/Heimdal
0x000000000b93a000 	/usr/lib/libheimdal-asn1.dylib
0x000000000b93a000 	/System/Library/Frameworks/OpenDirectory.framework/Versions/A/OpenDirectory
0x000000000b93a000 	/System/Library/PrivateFrameworks/CommonAuth.framework/Versions/A/CommonAuth
0x000000000b93a000 	/System/Library/Frameworks/OpenDirectory.framework/Versions/A/Frameworks/CFOpenDirectory.framework/Versions/A/CFOpenDirectory
0x000000000b93a000 	/System/Library/Frameworks/SecurityFoundation.framework/Versions/A/SecurityFoundation
0x000000000b93a000 	/System/Library/PrivateFrameworks/LanguageModeling.framework/Versions/A/LanguageModeling
0x000000000b93a000 	/usr/lib/libcmph.dylib
0x000000000b93a000 	/System/Library/Frameworks/ServiceManagement.framework/Versions/A/ServiceManagement
0x000000000b93a000 	/usr/lib/libxslt.1.dylib
0x000000000b93a000 	/System/Library/Frameworks/Carbon.framework/Versions/A/Frameworks/Ink.framework/Versions/A/Ink
0x000000000b93a000 	/System/Library/Frameworks/QuartzCore.framework/Versions/A/Frameworks/CoreImage.framework/Versions/A/CoreImage
0x000000000b93a000 	/System/Library/PrivateFrameworks/CrashReporterSupport.framework/Versions/A/CrashReporterSupport
0x000000000b93a000 	/System/Library/Frameworks/OpenCL.framework/Versions/A/OpenCL
0x000000000b93a000 	/System/Library/PrivateFrameworks/FaceCore.framework/Versions/A/FaceCore
0x000000000b93a000 	/System/Library/PrivateFrameworks/Ubiquity.framework/Versions/A/Ubiquity
0x000000000b93a000 	/System/Library/PrivateFrameworks/IconServices.framework/Versions/A/IconServices
0x000000000b93a000 	/System/Library/PrivateFrameworks/ChunkingLibrary.framework/Versions/A/ChunkingLibrary
0x000000000b93a000 	/System/Library/PrivateFrameworks/Apple80211.framework/Versions/A/Apple80211
0x000000000b93a000 	/System/Library/Frameworks/CoreWLAN.framework/Versions/A/CoreWLAN
0x000000000b93a000 	/System/Library/Frameworks/IOBluetooth.framework/Versions/A/IOBluetooth
0x000000000b93a000 	/System/Library/PrivateFrameworks/CoreWiFi.framework/Versions/A/CoreWiFi
0x000000000b93a000 	/System/Library/Frameworks/CoreBluetooth.framework/Versions/A/CoreBluetooth
0x000000000b93a000 	/System/Library/PrivateFrameworks/DebugSymbols.framework/Versions/A/DebugSymbols
0x000000000b93a000 	/System/Library/PrivateFrameworks/CoreSymbolication.framework/Versions/A/CoreSymbolication
0x000000000b93a000 	/System/Library/PrivateFrameworks/Symbolication.framework/Versions/A/Symbolication
0x000000000b93a000 	/System/Library/PrivateFrameworks/SpeechRecognitionCore.framework/Versions/A/SpeechRecognitionCore
0x000000010f24e000 	/Library/Java/JavaVirtualMachines/jdk1.8.0_31.jdk/Contents/Home/jre/lib/server/libjvm.dylib
0x000000000b93a000 	/usr/lib/libstdc++.6.dylib
0x0000000110270000 	/Library/Java/JavaVirtualMachines/jdk1.8.0_31.jdk/Contents/Home/jre/lib/libverify.dylib
0x000000011027e000 	/Library/Java/JavaVirtualMachines/jdk1.8.0_31.jdk/Contents/Home/jre/lib/libjava.dylib
0x00000001102ca000 	/Library/Java/JavaVirtualMachines/jdk1.8.0_31.jdk/Contents/Home/jre/lib/libjdwp.dylib
0x0000000110315000 	/Library/Java/JavaVirtualMachines/jdk1.8.0_31.jdk/Contents/Home/jre/lib/libnpt.dylib
0x0000000110322000 	/Library/Java/JavaVirtualMachines/jdk1.8.0_31.jdk/Contents/Home/jre/lib/libzip.dylib
0x00000001103e3000 	/System/Library/Frameworks/JavaVM.framework/Frameworks/JavaRuntimeSupport.framework/JavaRuntimeSupport
0x0000000123a0f000 	/System/Library/Frameworks/JavaVM.framework/Versions/A/Frameworks/JavaNativeFoundation.framework/Versions/A/JavaNativeFoundation
0x0000000123a24000 	/System/Library/Frameworks/JavaVM.framework/Versions/A/JavaVM
0x000000000b93a000 	/System/Library/Frameworks/Carbon.framework/Versions/A/Carbon
0x0000000123a31000 	/System/Library/PrivateFrameworks/JavaLaunching.framework/Versions/A/JavaLaunching
0x000000000b93a000 	/System/Library/Frameworks/Carbon.framework/Versions/A/Frameworks/CommonPanels.framework/Versions/A/CommonPanels
0x000000000b93a000 	/System/Library/Frameworks/Carbon.framework/Versions/A/Frameworks/Help.framework/Versions/A/Help
0x000000000b93a000 	/System/Library/Frameworks/Carbon.framework/Versions/A/Frameworks/ImageCapture.framework/Versions/A/ImageCapture
0x000000000b93a000 	/System/Library/Frameworks/Carbon.framework/Versions/A/Frameworks/OpenScripting.framework/Versions/A/OpenScripting
0x000000000b93a000 	/System/Library/Frameworks/Carbon.framework/Versions/A/Frameworks/Print.framework/Versions/A/Print
0x000000000b93a000 	/System/Library/Frameworks/Carbon.framework/Versions/A/Frameworks/SecurityHI.framework/Versions/A/SecurityHI
0x0000000125395000 	/Library/Java/JavaVirtualMachines/jdk1.8.0_31.jdk/Contents/Home/jre/lib/libdt_socket.dylib
0x0000000125aec000 	/Library/Java/JavaVirtualMachines/jdk1.8.0_31.jdk/Contents/Home/jre/lib/libnet.dylib

VM Arguments:
jvm_args: -agentlib:jdwp=transport=dt_socket,suspend=y,address=localhost:63083 -Dfile.encoding=UTF-8 
java_command: de.musicAnalyzer.main.MainApplication
java_class_path (initial): /Users/joscha/workspaces/Music/MusicAnalyzer/bin
Launcher Type: SUN_STANDARD

Environment Variables:
PATH=/usr/bin:/bin:/usr/sbin:/sbin
SHELL=/bin/bash

Signal Handlers:
SIGSEGV: [libjvm.dylib+0x57a0e7], sa_mask[0]=11111111011111110111111111111111, sa_flags=SA_ONSTACK|SA_RESTART|SA_SIGINFO
SIGBUS: [libjvm.dylib+0x57a0e7], sa_mask[0]=11111111011111110111111111111111, sa_flags=SA_RESTART|SA_SIGINFO
SIGFPE: [libjvm.dylib+0x45af24], sa_mask[0]=11111111011111110111111111111111, sa_flags=SA_RESTART|SA_SIGINFO
SIGPIPE: [libjvm.dylib+0x45af24], sa_mask[0]=11111111011111110111111111111111, sa_flags=SA_RESTART|SA_SIGINFO
SIGXFSZ: [libjvm.dylib+0x45af24], sa_mask[0]=11111111011111110111111111111111, sa_flags=SA_RESTART|SA_SIGINFO
SIGILL: [libjvm.dylib+0x45af24], sa_mask[0]=11111111011111110111111111111111, sa_flags=SA_RESTART|SA_SIGINFO
SIGUSR1: SIG_DFL, sa_mask[0]=00000000000000000000000000000000, sa_flags=none
SIGUSR2: [libjvm.dylib+0x45aa42], sa_mask[0]=00100000000000000000000000000000, sa_flags=SA_RESTART|SA_SIGINFO
SIGHUP: [libjvm.dylib+0x459015], sa_mask[0]=11111111011111110111111111111111, sa_flags=SA_RESTART|SA_SIGINFO
SIGINT: [libjvm.dylib+0x459015], sa_mask[0]=11111111011111110111111111111111, sa_flags=SA_RESTART|SA_SIGINFO
SIGTERM: [libjvm.dylib+0x459015], sa_mask[0]=11111111011111110111111111111111, sa_flags=SA_RESTART|SA_SIGINFO
SIGQUIT: [libjvm.dylib+0x459015], sa_mask[0]=11111111011111110111111111111111, sa_flags=SA_RESTART|SA_SIGINFO


---------------  S Y S T E M  ---------------

OS:Bsduname:Darwin 14.4.0 Darwin Kernel Version 14.4.0: Tue May  5 14:17:52 PDT 2015; root:xnu-2782.30.4~3/RELEASE_X86_64 x86_64
rlimit: STACK 8192k, CORE 0k, NPROC 709, NOFILE 10240, AS infinity
load average:2.78 2.76 2.63

CPU:total 2 (2 cores per cpu, 1 threads per core) family 6 model 23 stepping 10, cmov, cx8, fxsr, mmx, sse, sse2, sse3, ssse3, sse4.1, tsc

Memory: 4k page, physical 4194304k(15224k free)

/proc/meminfo:


vm_info: Java HotSpot(TM) 64-Bit Server VM (25.31-b07) for bsd-amd64 JRE (1.8.0_31-b13), built on Dec 17 2014 20:45:36 by "java_re" with gcc 4.2.1 (Based on Apple Inc. build 5658) (LLVM build 2336.11.00)

time: Mon Jun 22 22:10:30 2015
elapsed time: 229 seconds (0d 0h 3m 49s)

